<?xml version="1.0" encoding="UTF-8"?>
<!-- Generated by org.testng.reporters.JUnitReportReporter -->
<testsuite hostname="DESKTOP-O1MTOUR" failures="0" tests="2" name="testAPIs.testAddNewUser" time="10.049" errors="0" timestamp="25 Apr 2024 06:25:38 GMT">
  <testcase classname="testAPIs.testAddNewUser" name="deleteUser" time="1.982"/>
  <testcase classname="testAPIs.testAddNewUser" name="createNewUser" time="8.067"/>
</testsuite> <!-- testAPIs.testAddNewUser -->
