<?xml version="1.0" encoding="UTF-8"?>
<!-- Generated by org.testng.reporters.JUnitReportReporter -->
<testsuite hostname="DESKTOP-O1MTOUR" failures="0" tests="2" name="testAPIs.testAddNewCandidate" time="8.873" errors="0" timestamp="25 Apr 2024 06:36:09 GMT">
  <testcase classname="testAPIs.testAddNewCandidate" name="deleteCandidate" time="1.336"/>
  <testcase classname="testAPIs.testAddNewCandidate" name="createCandidate" time="7.537"/>
</testsuite> <!-- testAPIs.testAddNewCandidate -->
